<?xml version="1.0" encoding="UTF-8"?>
<!-- Generated by org.testng.reporters.JUnitReportReporter -->
<testsuite hostname="YHOSSAM" failures="0" tests="3" name="com.demoblaze.RegistrationTests" time="10.878" errors="0" timestamp="2023-07-30T15:57:43 EEST" skipped="0">
  <testcase classname="com.demoblaze.RegistrationTests" name="incompleteRegistrationTest" time="2.461"/>
  <testcase classname="com.demoblaze.RegistrationTests" name="registerUserTests" time="3.784"/>
  <testcase classname="com.demoblaze.RegistrationTests" name="registerUserTests" time="4.633"/>
</testsuite> <!-- com.demoblaze.RegistrationTests -->
