<?xml version="1.0" encoding="UTF-8"?>
<!-- Generated by org.testng.reporters.JUnitReportReporter -->
<testsuite hostname="YHOSSAM" failures="0" tests="2" name="com.demoblaze.AddRemoveCartItemsTests" time="15.053" errors="0" timestamp="2023-07-30T16:05:30 EEST" skipped="0">
  <testcase classname="com.demoblaze.AddRemoveCartItemsTests" name="removeItemFromCart" time="6.809"/>
  <testcase classname="com.demoblaze.AddRemoveCartItemsTests" name="addRandomItemToCart" time="8.244"/>
</testsuite> <!-- com.demoblaze.AddRemoveCartItemsTests -->
