<?xml version="1.0" encoding="UTF-8"?>
<!-- Generated by org.testng.reporters.JUnitReportReporter -->
<testsuite hostname="YHOSSAM" failures="0" tests="1" name="com.demoblaze.CheckCategoriesHasItems" time="6.821" errors="0" timestamp="2023-07-28T23:51:23 EEST" skipped="0">
  <testcase classname="com.demoblaze.CheckCategoriesHasItems" name="checkCategoriesHasProductItems" time="6.821"/>
</testsuite> <!-- com.demoblaze.CheckCategoriesHasItems -->
