<?xml version="1.0" encoding="UTF-8"?>
<!-- Generated by org.testng.reporters.JUnitReportReporter -->
<testsuite hostname="YHOSSAM" failures="0" tests="1" name="com.demoblaze.CategoriesListTests" time="4.067" errors="0" timestamp="2023-07-30T16:05:41 EEST" skipped="0">
  <testcase classname="com.demoblaze.CategoriesListTests" name="checkCategoriesHasProductItems" time="4.067"/>
</testsuite> <!-- com.demoblaze.CategoriesListTests -->
