<?xml version="1.0" encoding="UTF-8"?>
<!-- Generated by org.testng.reporters.JUnitReportReporter -->
<testsuite hostname="YHOSSAM" failures="0" tests="2" name="com.demoblaze.CheckoutTests" time="18.282" errors="0" timestamp="2023-07-30T16:06:07 EEST" skipped="0">
  <testcase classname="com.demoblaze.CheckoutTests" name="checkoutWithMissingData" time="8.108"/>
  <testcase classname="com.demoblaze.CheckoutTests" name="checkoutRandomItem" time="10.174"/>
</testsuite> <!-- com.demoblaze.CheckoutTests -->
