<?xml version="1.0" encoding="UTF-8"?>
<!-- Generated by org.testng.reporters.JUnitReportReporter -->
<testsuite hostname="YHOSSAM" failures="0" tests="1" name="com.demoblaze.CartFunctionalityTests" time="10.494" errors="0" timestamp="2023-07-29T21:38:19 EEST" skipped="0">
  <testcase classname="com.demoblaze.CartFunctionalityTests" name="addRandomItemToCart" time="10.494"/>
</testsuite> <!-- com.demoblaze.CartFunctionalityTests -->
