<?xml version="1.0" encoding="UTF-8"?>
<!-- Generated by org.testng.reporters.JUnitReportReporter -->
<testsuite hostname="YHOSSAM" failures="0" tests="1" name="com.demoblaze.AddRemoveCartItemTests" time="10.734" errors="0" timestamp="2023-07-29T21:22:32 EEST" skipped="0">
  <testcase classname="com.demoblaze.AddRemoveCartItemTests" name="removeItemFromCart" time="10.734"/>
</testsuite> <!-- com.demoblaze.AddRemoveCartItemTests -->
