<?xml version="1.0" encoding="UTF-8"?>
<!-- Generated by org.testng.reporters.JUnitReportReporter -->
<testsuite hostname="YHOSSAM" failures="0" tests="4" name="com.demoblaze.LoginTests" time="13.746" errors="0" timestamp="2023-07-30T15:58:02 EEST" skipped="0">
  <testcase classname="com.demoblaze.LoginTests" name="loginNonRegistered_incorrectPassword" time="3.080"/>
  <testcase classname="com.demoblaze.LoginTests" name="loginNonRegistered_incorrectPassword" time="3.067"/>
  <testcase classname="com.demoblaze.LoginTests" name="loginExistingUser" time="5.167"/>
  <testcase classname="com.demoblaze.LoginTests" name="incompleteLoginData" time="2.432"/>
</testsuite> <!-- com.demoblaze.LoginTests -->
