<?xml version="1.0" encoding="UTF-8"?>
<!-- Generated by org.testng.reporters.JUnitReportReporter -->
<testsuite hostname="YHOSSAM" failures="0" tests="1" name="com.demoblaze.RegistrationTest" time="5.085" errors="0" timestamp="2023-07-27T21:07:12 EEST" skipped="0">
  <testcase classname="com.demoblaze.RegistrationTest" name="registrationTest" time="5.085"/>
</testsuite> <!-- com.demoblaze.RegistrationTest -->
