<?xml version="1.0" encoding="UTF-8"?>
<!-- Generated by org.testng.reporters.JUnitReportReporter -->
<testsuite hostname="YHOSSAM" failures="0" tests="1" name="com.demoblaze.AddCartItemTests" time="31.421" errors="0" timestamp="2023-07-28T22:29:06 EEST" skipped="0">
  <testcase classname="com.demoblaze.AddCartItemTests" name="removeItemFromCart" time="31.421"/>
</testsuite> <!-- com.demoblaze.AddCartItemTests -->
